0.668271
0.811641
0.802725
0.884094
0.906482
0.909596
0.920833
0.886657
0.928373
0.913706
0.939145
0.929043
0.917728
0.931511
0.950164
0.958071
0.9511
0.93531
0.92461
0.913331
0.935592
0.94437
0.967853
0.958495
0.944833
0.947381
0.947327
0.96679
0.96155
0.932006
0.92529
0.956344
0.95072
0.929844
0.958012
0.945903
0.940923
0.956921
0.947534
0.944178
0.948828
0.920434
0.9504
0.95849
0.95198
0.966526
0.953891
0.943164
0.954871
0.93736
0.950446
0.935314
0.935071
0.965263
0.954631
0.966167
0.958546
0.933589
0.951563
0.937255
0.954311
0.964227
0.947121
0.967284
0.943958
0.945392
0.941251
0.949418
0.932385
0.957191
0.960166
0.957293
0.965745
0.958784
0.960927
0.977733
0.970492
0.939004
0.94979
0.951497
0.951114
0.96931
0.945773
0.972382
0.960505
0.947044
0.971175
0.948565
0.955619
0.971456
0.938187
0.939229
0.954021
0.965975
0.957255
0.960462
0.973858
0.952882
0.964688
0.957267
0.934478
0.9678
0.954998
0.952634
0.97757
0.96825
0.963073
0.961814
0.952857
0.958322
0.949819
0.95954
0.960262
0.979602
0.972594
0.948742
0.957086
0.954092
0.941244
0.954855
0.936584
0.947454
0.963808
0.971642
0.955776
0.937813
0.981506
0.960361
0.961817
0.956009
0.973734
0.960636
0.973298
0.971925
0.957782
0.969986
0.962675
0.946351
0.966818
0.978645
0.966928
0.951376
0.958323
0.976843
0.972502
0.960267
0.969556
0.969377
0.967688
0.958634
0.965476
0.96077
0.959835
0.960642
0.969732
0.978654
0.961335
0.95642
0.977802
0.967259
0.955612
0.959735
0.952169
0.957743
0.94421
0.959362
0.956949
0.956206
0.9624
0.961334
0.948111
0.961142
0.951488
0.982095
0.965495
0.962751
0.95772
0.963827
0.952024
0.954771
0.951189
0.945639
0.965906
0.97283
0.95896
0.975283
0.965898
0.964738
0.967681
0.971259
0.956618
0.970176
0.960951
0.97305
0.965741
0.973785
0.954749
0.960483
0.959118
0.975374
0.955608
0.964332
0.955096
0.977491
0.963398
0.964331
0.960095
0.963571
0.970108
0.974485
0.969336
0.95945
0.975142
0.967818
0.966326
0.963436
0.974648
0.974147
0.972581
0.980259
0.971281
0.96855
0.966077
0.985451
0.969946
0.969792
0.976105
0.951386
0.97761
0.959981
0.980109
0.968176
0.97185
0.980886
0.95221
0.962071
0.97186
0.972156
0.979323
0.970382
0.971888
0.970126
0.945935
0.98093
0.972585
0.970053
0.975067
0.9632
0.974971
0.96332
0.959445
0.972846
0.972429
0.967269
0.975286
0.968337
0.952715
0.96613
0.971774
0.965955
0.981951
0.980175
0.969452
0.979842
0.976139
0.972855
0.976799
0.954126
0.965123
0.964124
0.967039
0.972497
0.97646
0.97442
0.975172
0.974619
0.981933
0.977455
0.969154
0.962947
0.977993
0.983587
0.974313
0.969583
0.971928
0.954593
0.962985
0.968518
0.971492
0.968384
0.969853
0.980806
0.966869
0.951264
0.973622
0.953898
0.977426
0.972645
0.966467
0.965905
0.981256
0.968913
