0.196374
0.13446
0.131947
0.0955036
0.0703668
0.0738398
0.0679073
0.094874
0.0781486
0.0705518
0.0618547
0.065659
0.0909604
0.0597973
0.0439032
0.0377498
0.0434972
0.070888
0.0689489
0.0735838
0.056278
0.0595853
0.032036
0.0396324
0.0508535
0.0576458
0.0515295
0.0313327
0.0435448
0.0589917
0.0715374
0.0397523
0.0471076
0.0686756
0.0405688
0.0532391
0.0521339
0.0429445
0.0548707
0.0497119
0.0518259
0.0739059
0.0553003
0.0414241
0.0509788
0.0356693
0.0579926
0.0538027
0.0448019
0.0556883
0.0406817
0.0606533
0.0604599
0.0314003
0.0438291
0.0336957
0.0380171
0.0739102
0.0463798
0.0529716
0.0411563
0.0353351
0.049255
0.0302382
0.0635946
0.0555303
0.0540683
0.0522852
0.0598557
0.0390172
0.0348512
0.0420586
0.0332783
0.0373218
0.0385942
0.0239743
0.0295224
0.0603535
0.0458023
0.0447716
0.0485781
0.0307181
0.0539586
0.0288213
0.0413143
0.0603215
0.031729
0.0498659
0.0409859
0.0282976
0.0582314
0.0572294
0.045634
0.0356085
0.0457414
0.0407111
0.029324
0.0421512
0.0361414
0.0350697
0.0627356
0.0309977
0.0407032
0.044353
0.0254846
0.0366487
0.0357012
0.0403289
0.0475978
0.0388463
0.047134
0.0382343
0.0397073
0.0222049
0.0298524
0.0535862
0.0428975
0.0452431
0.0636072
0.0451519
0.0677186
0.0490911
0.0339935
0.029694
0.0443537
0.0652193
0.0235649
0.036175
0.0367061
0.054027
0.0271843
0.0387876
0.0281125
0.0307704
0.0444297
0.0319092
0.0400991
0.0516927
0.034278
0.0208483
0.0368108
0.0529898
0.0393488
0.0269075
0.027116
0.0416471
0.0389346
0.0316348
0.0311986
0.040693
0.032765
0.0380849
0.0368099
0.0482114
0.0304615
0.0247949
0.0408394
0.0418368
0.0247081
0.0331504
0.0460945
0.0423496
0.0466989
0.0455964
0.056005
0.0447212
0.0410479
0.0421362
0.0400143
0.0382902
0.049363
0.0352596
0.0462759
0.0210136
0.0368339
0.0393673
0.0440821
0.0412964
0.0535868
0.0501569
0.0519635
0.0582975
0.0333251
0.033065
0.0448929
0.0260678
0.0311636
0.0351813
0.0343134
0.0308033
0.0443024
0.0323552
0.0418765
0.0294184
0.0367618
0.0302901
0.0434327
0.0430605
0.0418529
0.0263647
0.0483055
0.0398243
0.0471054
0.0282248
0.0385134
0.0357353
0.0415625
0.0405307
0.0318497
0.0287148
0.0313655
0.0420734
0.0272703
0.0347247
0.0341713
0.0356823
0.026214
0.0297576
0.0291785
0.0239451
0.0296576
0.0354846
0.0364737
0.0144999
0.0330032
0.0312942
0.0209155
0.0524663
0.0247106
0.0420004
0.0230755
0.0374143
0.0348667
0.0225326
0.0505138
0.0381701
0.027995
0.0302597
0.0228328
0.0313476
0.0301822
0.034822
0.0586999
0.021964
0.0328199
0.029875
0.0260063
0.0383139
0.0251268
0.0412148
0.0469079
0.0325591
0.0325445
0.0371751
0.0294603
0.0330219
0.0489322
0.0381715
0.0304057
0.0394206
0.0214235
0.0226364
0.0339139
0.021194
0.0291851
0.0307427
0.0252252
0.0478348
0.0365864
0.0412202
0.0371077
0.0318749
0.0257511
0.0297568
0.0280942
0.0292471
0.019566
0.0262423
0.0337736
0.0413135
0.0231611
0.0179979
0.0324068
0.0324824
0.0324928
0.0469391
0.0409707
0.034833
0.0334436
0.034108
0.0310984
0.0228216
0.0387992
0.0531604
0.0331789
0.0484953
0.0259897
0.030507
0.0350058
0.0392446
0.0215042
0.0305619
