0.000610986
0.318907
0.591437
0.5999
0.449684
0.790824
0.736451
0.596745
0.773255
0.745437
0.773962
0.727186
0.769532
0.781474
0.880633
0.832194
0.800618
0.806969
0.814106
0.773362
0.785504
0.825179
0.871547
0.756565
0.829122
0.78045
0.840924
0.847294
0.854768
0.821474
0.808319
0.885472
0.887811
0.836982
0.849522
0.857629
0.778329
0.905576
0.813969
0.862444
0.814413
0.794524
0.82411
0.831628
0.864634
0.888633
0.831349
0.852503
0.856586
0.841271
0.859048
0.852341
0.84635
0.892353
0.783676
0.891198
0.858552
0.776359
0.899708
0.838468
0.838464
0.862312
0.836753
0.915859
0.831216
0.835424
0.834105
0.87592
0.827763
0.891797
0.912436
0.882572
0.872166
0.842391
0.843402
0.929221
0.871455
0.849944
0.846582
0.859211
0.795549
0.861713
0.842584
0.893262
0.90352
0.867827
0.922267
0.875254
0.861263
0.866453
0.860599
0.824027
0.815209
0.888581
0.815553
0.892589
0.898988
0.881739
0.881152
0.853004
0.801201
0.925331
0.87883
0.854106
0.92826
0.891388
0.887171
0.919649
0.870048
0.884956
0.875264
0.910201
0.92169
0.908875
0.830932
0.877084
0.854655
0.905966
0.84386
0.847289
0.82794
0.846992
0.897819
0.905076
0.847087
0.872
0.88893
0.881958
0.857143
0.871622
0.917759
0.858493
0.820775
0.898418
0.895456
0.895752
0.89139
0.872966
0.901426
0.919717
0.901377
0.876178
0.878838
0.90928
0.90996
0.878264
0.893007
0.909633
0.85995
0.875698
0.913104
0.87435
0.89337
0.840374
0.889619
0.915282
0.850515
0.903987
0.858983
0.895267
0.889842
0.894069
0.875923
0.882904
0.88287
0.86897
0.910136
0.860017
0.882276
0.882787
0.87052
0.875053
0.881913
0.934408
0.873446
0.895373
0.863388
0.912113
0.887296
0.87896
0.89222
0.878005
0.897049
0.912258
0.895942
0.931352
0.89084
0.90027
0.906165
0.910666
0.867421
0.908314
0.89712
0.904104
0.901252
0.907704
0.876537
0.870066
0.905275
0.909163
0.887191
0.903062
0.893465
0.911138
0.902394
0.875405
0.881586
0.900281
0.918271
0.918146
0.872894
0.891587
0.92466
0.872464
0.891314
0.919868
0.934163
0.881585
0.909893
0.92776
0.903659
0.921343
0.880903
0.927734
0.925602
0.899021
0.900954
0.878508
0.932846
0.901206
0.880339
0.906618
0.921142
0.943753
0.879473
0.839512
0.871558
0.906428
0.924657
0.878491
0.894222
0.899972
0.894182
0.932689
0.888586
0.934507
0.909338
0.895106
0.892489
0.885758
0.907035
0.871943
0.890949
0.868619
0.868684
0.891759
0.882979
0.871008
0.942101
0.891552
0.916717
0.905169
0.883451
0.868454
0.91778
0.927411
0.914746
0.899443
0.883581
0.904216
0.882727
0.903764
0.893301
0.915186
0.91132
0.901629
0.929872
0.919814
0.901453
0.903961
0.939516
0.927452
0.936991
0.89703
0.906144
0.902252
0.912418
0.904425
0.896002
0.921833
0.875453
0.925015
0.891448
0.886236
0.917407
0.862203
0.93721
0.932968
0.865199
0.89436
0.908608
0.88195
