0.859607
0.922495
0.926155
0.950337
0.953689
0.969695
0.967332
0.949949
0.967081
0.966626
0.973205
0.967926
0.959208
0.972415
0.98421
0.982885
0.981297
0.970908
0.967904
0.961807
0.972104
0.976078
0.987298
0.981869
0.977777
0.9727
0.977578
0.987515
0.982079
0.975482
0.965467
0.985271
0.981801
0.97003
0.983055
0.978467
0.975121
0.984526
0.977348
0.979543
0.977468
0.965773
0.977532
0.982836
0.980296
0.986675
0.977491
0.97811
0.98221
0.977078
0.982408
0.974248
0.973036
0.987869
0.979905
0.987334
0.983622
0.965945
0.983056
0.977156
0.981198
0.985129
0.978732
0.988914
0.972943
0.97509
0.976011
0.977947
0.973269
0.98499
0.987741
0.982388
0.98665
0.985676
0.983907
0.991233
0.987638
0.973314
0.981189
0.981572
0.975756
0.98741
0.977247
0.989043
0.984006
0.976127
0.988962
0.979851
0.983574
0.989779
0.976005
0.9747
0.97814
0.986247
0.979124
0.984226
0.988982
0.982893
0.986214
0.984481
0.971909
0.988676
0.984167
0.980114
0.991496
0.985818
0.985682
0.985922
0.979955
0.984408
0.981508
0.985612
0.986564
0.99209
0.987144
0.977786
0.982173
0.983692
0.972453
0.981709
0.970706
0.979974
0.987527
0.988907
0.980951
0.972721
0.990839
0.984418
0.984435
0.97833
0.990357
0.983621
0.986932
0.988417
0.981909
0.988032
0.983884
0.978217
0.987839
0.992959
0.986417
0.978856
0.98551
0.99021
0.990268
0.982762
0.985766
0.989096
0.987802
0.983222
0.987365
0.984202
0.985397
0.980845
0.988831
0.991193
0.982522
0.984429
0.990614
0.987278
0.981482
0.983652
0.98302
0.980857
0.977327
0.981262
0.98513
0.982227
0.983656
0.984261
0.980721
0.986522
0.982327
0.993014
0.985653
0.984946
0.981183
0.985347
0.979049
0.981554
0.978892
0.977314
0.987179
0.988145
0.983014
0.99014
0.987315
0.986968
0.98803
0.988342
0.982518
0.988087
0.98386
0.989249
0.986145
0.989508
0.983829
0.982832
0.983484
0.990469
0.980746
0.984881
0.982243
0.990844
0.985495
0.985699
0.984172
0.984441
0.98861
0.989575
0.987717
0.983188
0.990258
0.986783
0.986905
0.985567
0.991085
0.988708
0.989398
0.991879
0.988736
0.986586
0.985671
0.994414
0.988391
0.988018
0.992105
0.980058
0.991192
0.984034
0.991781
0.9865
0.987653
0.992572
0.980314
0.984513
0.98967
0.989058
0.992122
0.987516
0.988768
0.987531
0.97864
0.992108
0.987633
0.990134
0.990621
0.985448
0.990468
0.984281
0.982742
0.987776
0.98807
0.986273
0.989052
0.986959
0.980511
0.985186
0.989496
0.984863
0.992574
0.991506
0.986863
0.992243
0.989794
0.989335
0.990935
0.982404
0.985741
0.984519
0.98584
0.98818
0.990895
0.989196
0.98973
0.989321
0.993387
0.990842
0.985729
0.983871
0.99225
0.993773
0.988835
0.988019
0.988283
0.982388
0.98509
0.986991
0.987354
0.987352
0.987965
0.992199
0.98548
0.980268
0.988939
0.979869
0.991169
0.989802
0.985504
0.985014
0.991803
0.987226
