1.0
0.41304
0.11549
0.110204
0.145845
0.101309
0.138655
0.0814032
0.088112
0.0799152
0.108455
0.0785395
0.0886062
0.102712
0.070737
0.0678482
0.146853
0.0576359
0.0576535
0.11511
0.0523497
0.083279
0.0611655
0.0744474
0.124563
0.0741397
0.0600839
0.0684826
0.0485212
0.0724113
0.0493804
0.049969
0.068327
0.083635
0.0567552
0.0461331
0.0539231
0.0462504
0.0668974
0.0635265
0.0582755
0.0577821
0.0704617
0.0501178
0.0629727
0.0525737
0.04239
0.058744
0.0663733
0.0425586
0.0590997
0.0656833
0.0605888
0.0715827
0.0367001
0.0610045
0.0390304
0.0597374
0.0430987
0.0448374
0.0495973
0.0404529
0.0472295
0.0339637
0.0401854
0.0454803
0.0480968
0.0437824
0.0497095
0.0507677
0.0631167
0.0424071
0.0498161
0.0369587
0.0273428
0.0400922
0.0462785
0.0369952
0.0384599
0.0297849
0.037103
0.0541842
0.0302316
0.0332795
0.0393496
0.0391187
0.0503347
0.0356539
0.0426984
0.0409927
0.0417318
0.0328675
0.0393356
0.0353322
0.0297915
0.0357215
0.038502
0.053893
0.0454669
0.0456594
0.059723
0.0283575
0.0302399
0.0258125
0.0331913
0.0192874
0.0361417
0.0301688
0.0378743
0.025707
0.0291627
0.0228122
0.0308368
0.0250126
0.0242846
0.0250905
0.0245195
0.0366035
0.0272585
0.0314048
0.0238384
0.0365704
0.0219557
0.0350703
0.0213828
0.0309826
0.0235287
0.0315348
0.0328435
0.0207695
0.0317228
0.0179154
0.0195783
0.0622897
0.0326798
0.0262875
0.0256027
0.0196143
0.0238081
0.0198649
0.0400468
0.0240757
0.0277885
0.0247995
0.0254086
0.0216737
0.016954
0.0177805
0.0288581
0.0204194
0.0265593
0.0236448
0.0274806
0.0182386
0.0223616
0.0273873
0.0213449
0.0216409
0.0231928
0.0193686
0.0268231
0.0208012
0.0178093
0.0252115
0.01845
0.0231344
0.0263873
0.021068
0.0205147
0.0153211
0.0202741
0.0211525
0.019028
0.0174399
0.0248555
0.0194784
0.0183199
0.0187693
0.0210527
0.0184419
0.0233028
0.0183091
0.0171794
0.0177204
0.0136324
0.0199845
0.0124522
0.0149852
0.0158403
0.0183237
0.0163972
0.017727
0.0158468
0.0156959
0.0165026
0.0183231
0.0127219
0.0229143
0.0149677
0.0180229
0.0181361
0.0144797
0.0175606
0.0159093
0.0248227
0.0199443
0.0128686
0.0178645
0.0167007
0.0149887
0.0170373
0.0168364
0.0179945
0.0155605
0.0173753
0.0213897
0.012643
0.0141928
0.0159604
0.0139771
0.0181724
0.0149348
0.0160612
0.0210764
0.0172265
0.0131258
0.0147579
0.0193078
0.014228
0.0119547
0.0124509
0.0133547
0.0135294
0.0128044
0.0146609
0.0167097
0.0161311
0.0143061
0.0140614
0.0119526
0.0150534
0.0145643
0.0164627
0.0120366
0.0134136
0.0132336
0.0111431
0.0100681
0.0131593
0.0153574
0.0127627
0.0194319
0.0156731
0.0149276
0.0142023
0.0153781
0.015289
0.0141801
0.0152948
0.0127729
0.0153073
0.0126499
0.0122865
0.0163246
0.0187388
0.0151789
0.0115896
0.0137082
0.0123182
0.0128274
0.0108158
0.0157899
0.0127858
0.0249153
0.012499
0.00873424
0.010157
0.013709
0.014004
0.00997962
0.0129792
0.0147732
0.0137541
0.010009
0.00928729
0.0136869
0.00937579
0.00914809
0.0111106
0.0132333
0.0137981
0.00956421
0.0114437
0.0120305
0.0126577
0.00839171
0.0133865
0.00849749
0.0115093
0.0141465
0.0122278
0.0131936
0.0135702
0.0116261
0.0123447
0.011618
0.0130568
0.00896732
0.00985851
0.0126713
0.0127344
0.00868549
0.010384
0.0155466
0.012205
0.0147641
0.0105954
0.0145569
0.0177643
0.00986248
0.00914992
0.0136331
0.00912936
0.0126337
0.00892299
0.0131872
0.013223
0.0147308
0.0103801
0.00989555
0.00800341
0.0133348
0.00871656
0.0106501
0.0129186
0.0111246
0.00845689
0.0127278
0.0113384
0.0100102
0.0116565
0.0101677
0.0105912
0.00923446
0.0110676
0.0107948
0.0112434
0.0140943
0.00941754
0.0115096
0.00829284
0.0143558
0.0100238
0.0184428
0.00916349
0.00843603
0.00933745
0.012391
0.0160416
0.00858218
0.012577
0.0108984
0.0104429
0.0107431
0.0100274
0.0071462
0.0101122
0.0109737
0.0091442
0.00917006
0.00969645
0.00720667
0.00715003
0.00691573
0.0101803
0.00943931
0.00726439
0.00959966
0.0088252
0.0104888
0.0110364
0.014149
0.00914769
0.00983861
0.00810457
0.00757325
0.00725863
0.00777328
0.00771649
0.0078751
0.00833942
0.00988866
0.00793635
0.00937221
0.0102768
0.00763023
0.013875
0.0112866
0.00838879
0.00784752
0.0101072
0.00609763
0.0104533
0.00891806
0.0109067
0.0117722
0.00804842
0.00892908
0.0109116
0.00883135
0.01027
0.0120344
0.0127176
0.00904617
0.00872242
0.00848085
0.0103568
0.00810496
0.0093294
0.0108681
0.0201666
0.00660144
0.00720577
0.0142593
0.00848529
0.00984708
0.0150481
0.00757415
0.0070123
0.00695615
0.00851864
0.00629035
0.00853135
0.00606219
0.00870717
0.00780784
0.00632652
0.00652141
0.00702198
0.00695445
0.00692074
0.00501318
0.0059569
0.00910639
0.00645734
0.00771991
0.00657914
0.00644082
0.00555186
0.00916952
0.00698582
0.010169
0.00771418
0.00759773
0.00740991
0.00584943
0.0064856
0.0116438
0.00931774
0.0086336
0.00700862
0.00595688
0.00512507
0.0102378
0.00873115
0.00750513
0.00635318
0.00716009
0.00661295
0.0103235
0.00883629
0.00826049
0.00658705
0.00677125
0.009666
0.00479991
0.00669039
0.00765173
0.00671517
0.00800621
0.00769686
0.00485023
0.00650798
0.00774773
0.00761508
0.0053791
0.00458369
0.00867519
0.00602675
0.00555188
0.0101094
0.00611593
0.00548208
0.00758556
0.00715303
0.00777216
0.0074626
0.00832779
0.00721371
0.00640821
0.00996989
0.0104429
0.00546456
0.0111129
0.00569444
0.00842133
0.00588574
0.00683288
0.00624029
0.00875646
0.00528116
0.00464791
0.00440158
0.00895844
0.00540114
0.00786937
0.0136244
0.0072583
0.00803728
0.00663898
0.0111295
0.00569991
0.00941306
0.00642563
0.0072992
0.00536963
0.00625891
0.00542618
0.00679764
0.00850456
0.00841828
0.00670355
0.0127873
0.00849859
0.00643247
0.00699824
0.0053713
0.00600124
0.0042253
0.00694672
0.00734379
0.00640004
0.00546806
0.0076289
0.0062494
0.0073831
0.00550172
0.00599939
0.00432261
0.00443686
0.00472431
0.00608811
0.0048489
0.00501828
0.0058695
0.00490431
0.00499654
0.00535315
0.00506142
0.00727012
0.00659949
0.00693066
0.0068858
0.00465269
0.00675455
0.00771314
0.00609706
0.00523019
0.0103384
0.00583201
0.0062926
0.00615011
0.00480406
0.00435408
0.00532907
0.0104447
0.00580807
0.00518009
0.00589052
0.00630245
0.00549869
0.00562572
0.00615053
0.00482393
0.00984381
0.00595563
0.00577461
0.00612114
0.00433995
0.00642351
0.00577541
0.0060659
0.00655455
0.00279521
0.00547755
0.00611106
0.00629317
0.00612856
0.00384877
0.00675453
0.007165
0.00572828
0.00440249
0.00679409
0.0053157
0.00764879
0.0055908
0.0070602
0.0066367
0.0058366
0.00786869
0.00753814
0.00814853
0.00367476
0.00669514
0.00826913
0.00667564
0.00454872
0.00597654
0.00449293
0.0154315
0.0058425
0.00598328
0.00320187
0.00656353
0.00563433
0.0063648
0.00600675
0.00474093
0.00533192
0.00374851
0.00529902
0.00356319
0.00401956
0.0054656
0.00492294
0.00461257
0.00761812
0.00378121
0.00686717
0.00510503
0.00471647
0.00479573
0.00476301
0.00501384
0.00604131
0.00612096
0.00517911
0.00442726
0.0060133
0.00425274
0.00452131
0.00467657
0.00486687
0.00708415
0.00509175
0.0101039
0.00454082
0.00561922
0.0037179
0.00529665
0.00368287
0.00507446
0.00522567
0.00500355
0.00671374
0.00583005
0.00453159
0.0048394
0.00611206
0.00341312
0.00429073
0.00712825
0.00423152
0.00466023
0.00463831
0.00481508
0.00421196
0.00594089
0.00520029
0.00249827
0.00614133
0.00383764
0.00289601
0.00671704
0.00657813
0.00434121
0.00785503
0.00648814
0.00512817
0.00640427
0.00406082
0.00390195
0.00322261
0.00635044
0.0102679
0.0037326
0.0060321
0.0050056
0.00290029
0.00442031
0.00768724
0.00580744
0.00442704
0.00313978
0.00534792
0.00302722
0.00459775
0.00383787
0.00520146
0.0047363
0.0041687
0.00425558
0.0050737
0.00186562
0.00391345
0.00724825
0.00486486
0.00564148
0.00373812
0.00546321
0.00333381
0.00296261
0.00525256
0.00645739
0.00387562
0.00434001
0.00460454
0.00735883
0.00442583
0.00365455
0.00850771
0.004785
0.00574301
0.00427773
0.00459157
0.00453189
0.00556489
0.00397598
0.0054147
0.00520759
0.00442558
0.00517631
0.00520421
0.00416437
0.00338352
0.00374468
0.00443979
0.00265038
0.00458402
0.00404592
0.00439819
0.00435557
