0.928023
0.962258
0.965408
0.977974
0.974501
0.983609
0.982232
0.979943
0.978504
0.964249
0.976204
0.978848
0.97521
0.979508
0.976956
0.972026
0.975562
0.972958
0.971527
0.971375
0.970567
0.982329
0.968451
0.979288
0.988746
0.97834
0.978439
0.97966
0.966719
0.981957
0.982157
0.982444
0.983614
0.986492
0.983665
0.976476
0.985505
0.978531
0.981831
0.986967
0.977756
0.983534
0.984537
0.986101
0.983139
0.985109
0.979262
0.988994
0.986497
0.979836
0.989489
0.983424
0.979383
0.971502
0.984977
0.979107
0.987632
0.984225
0.986091
0.985215
0.982875
0.986888
0.986643
0.984238
0.979991
0.982591
0.98437
0.982815
0.991291
0.987862
0.989516
0.985925
0.985572
0.988883
0.991639
0.987774
0.98784
0.987282
0.990857
0.985182
0.992533
0.989726
0.986571
0.991938
0.990176
0.990071
0.989024
0.991338
0.988633
0.987486
0.990081
0.982956
0.986787
0.987905
0.991434
0.991359
0.988929
0.982355
0.991071
0.990298
0.991437
0.992935
0.989812
0.990706
0.990304
0.985636
0.991457
0.993193
0.991258
0.988609
0.985885
0.991373
0.991569
0.9892
0.992433
0.987531
0.989244
0.989598
0.991067
0.990979
0.989121
0.992401
0.990331
0.988479
0.988892
0.988265
0.99115
0.994569
0.991657
0.992957
0.991988
0.992733
0.989517
0.990566
0.990007
0.992997
0.987979
0.993839
0.989668
0.991129
0.990707
0.990204
0.989193
0.991094
0.989699
0.992045
0.993776
0.992355
0.993616
0.995423
0.992075
0.991927
0.993541
0.994386
0.992316
0.994459
0.993748
0.98909
0.995286
0.992043
0.993443
0.991535
0.988773
0.992362
0.99019
0.992575
0.99159
0.990846
0.992614
0.991487
0.992025
0.993748
0.991277
0.993859
0.990323
0.992915
0.990982
0.993041
0.992777
0.9931
0.993568
0.995979
0.992264
0.994041
0.992756
0.992098
0.991262
0.996249
0.993937
0.995386
0.991615
0.993808
0.99151
0.991767
0.99232
0.992533
0.991115
0.993903
0.991867
0.992341
0.994277
0.989709
0.991513
0.992176
0.992721
0.994325
0.994853
0.992867
0.993888
0.991567
0.992517
0.994304
0.99087
0.994217
0.995215
0.994857
0.98992
0.993943
0.994879
0.992645
0.993549
0.993999
0.993718
0.994989
0.993169
0.99472
0.993649
0.991696
0.994677
0.992455
0.992413
0.994369
0.994574
0.993676
0.994376
0.993852
0.992697
0.995026
0.99544
0.995648
