0.181271
0.0889896
0.0814226
0.0555817
0.0640504
0.0424864
0.0454741
0.0506977
0.0544408
0.0866077
0.0557884
0.0525845
0.0627384
0.0491363
0.056963
0.070388
0.0583855
0.0674947
0.0718432
0.0678129
0.070607
0.0453889
0.0742288
0.0488256
0.0293546
0.0526484
0.0537432
0.0508555
0.076361
0.0439693
0.0451961
0.0414197
0.040825
0.0336899
0.0412929
0.0563254
0.0353812
0.0526824
0.0445774
0.0334111
0.0547628
0.0412361
0.0396251
0.0340911
0.0429402
0.0370254
0.0506741
0.0275804
0.0340647
0.0474445
0.0263059
0.0410891
0.0529151
0.0694577
0.0393657
0.0433363
0.0294019
0.0388556
0.0353166
0.034882
0.0422818
0.0325564
0.0318787
0.0387794
0.0518483
0.0411719
0.0375571
0.0416748
0.0222047
0.030306
0.0269407
0.0349295
0.035854
0.027625
0.0203521
0.0293675
0.0296119
0.0310928
0.0222335
0.0349962
0.0180499
0.0244646
0.0321789
0.0200623
0.0245107
0.02437
0.0270041
0.0209545
0.0268288
0.0306562
0.024715
0.0409821
0.0317154
0.0289247
0.020679
0.0214045
0.0265665
0.0427353
0.0216509
0.0236939
0.0209489
0.0170854
0.0240123
0.0227331
0.0233739
0.0345432
0.0207025
0.0164632
0.0205023
0.0269446
0.033383
0.0208092
0.020008
0.0262401
0.0184371
0.029855
0.0257866
0.024842
0.0211344
0.020999
0.0259767
0.0183447
0.0233946
0.0271144
0.0263269
0.027808
0.0209517
0.0133098
0.0197056
0.0165244
0.019744
0.0176087
0.0249569
0.0222258
0.024043
0.0166387
0.0282359
0.0148851
0.0244361
0.0214043
0.0222241
0.0227529
0.0255799
0.0213808
0.0243388
0.0190457
0.0147655
0.0178103
0.0152999
0.0109902
0.0190391
0.0192958
0.0154219
0.0133672
0.0184247
0.0131635
0.0155708
0.0256332
0.0109451
0.0188614
0.0157373
0.0223982
0.0266902
0.0180891
0.0231479
0.0179124
0.0201827
0.0216846
0.0177314
0.0203398
0.0186546
0.0150571
0.0209113
0.014679
0.0230436
0.0165682
0.0212738
0.016862
0.0168275
0.0165194
0.0151614
0.00947144
0.0182982
0.0141624
0.017518
0.0187659
0.0205126
0.00894445
0.0143506
0.0108909
0.0202753
0.014974
0.0202129
0.0196424
0.0177661
0.0176649
0.0212292
0.0145153
0.0192762
0.0181643
0.0134258
0.024002
0.0204802
0.0184734
0.0174119
0.0137561
0.0123627
0.0171243
0.0147509
0.0197019
0.0176661
0.0137138
0.0215123
0.013762
0.0112917
0.0124278
0.0240428
0.0142826
0.0123958
0.0172291
0.0153673
0.0140534
0.0149521
0.0119691
0.0163381
0.0125704
0.0150497
0.0195793
0.0126831
0.0181025
0.0178814
0.013145
0.0130796
0.0150136
0.0134362
0.0144023
0.0171595
0.0117891
0.0109198
0.010536
