0.811729
0.903098
0.921268
0.944715
0.926757
0.957163
0.952415
0.939129
0.94415
0.901395
0.944095
0.941963
0.950289
0.950651
0.938014
0.935968
0.945446
0.925891
0.94497
0.931918
0.942163
0.964832
0.928453
0.952073
0.964626
0.94262
0.948003
0.944763
0.919657
0.954761
0.952401
0.958474
0.957206
0.967679
0.959624
0.943595
0.964919
0.944892
0.950033
0.965603
0.943118
0.957007
0.959139
0.96607
0.959648
0.96175
0.946126
0.970304
0.96598
0.952146
0.973451
0.960092
0.949591
0.941028
0.961983
0.955191
0.970239
0.961785
0.961004
0.961964
0.960995
0.96488
0.968531
0.962938
0.950975
0.959043
0.966052
0.959969
0.97558
0.968495
0.973038
0.966978
0.964575
0.970022
0.978389
0.969553
0.969951
0.967834
0.976673
0.964381
0.981458
0.97492
0.967146
0.978344
0.975628
0.977809
0.972494
0.977322
0.972053
0.969753
0.972052
0.956279
0.967872
0.971582
0.978873
0.977305
0.973131
0.957139
0.976045
0.975335
0.976009
0.982244
0.976171
0.977637
0.974957
0.963944
0.978766
0.983422
0.978607
0.97027
0.967281
0.978748
0.979858
0.974997
0.981522
0.968263
0.974651
0.973827
0.978207
0.977997
0.97354
0.981749
0.975561
0.972763
0.974516
0.972111
0.97914
0.985917
0.980035
0.983042
0.980333
0.981417
0.972769
0.977261
0.976843
0.983753
0.970803
0.984943
0.973804
0.979723
0.976981
0.975388
0.972913
0.978607
0.974005
0.980271
0.98455
0.981422
0.983759
0.988601
0.980159
0.980208
0.985138
0.985284
0.980079
0.985847
0.985409
0.974949
0.988808
0.98029
0.983947
0.981307
0.9758
0.981506
0.974663
0.982107
0.97902
0.977873
0.982942
0.978392
0.980915
0.985002
0.978695
0.983829
0.976617
0.983239
0.977412
0.983129
0.98212
0.983595
0.983612
0.989899
0.980432
0.98536
0.983394
0.98135
0.97791
0.990218
0.984709
0.988894
0.979953
0.984997
0.979466
0.980561
0.98158
0.981853
0.978259
0.984679
0.980291
0.979993
0.9861
0.977399
0.980039
0.981663
0.982906
0.985955
0.988116
0.982521
0.985849
0.979194
0.981397
0.986387
0.977737
0.985923
0.988039
0.986971
0.975761
0.98545
0.987267
0.982575
0.983784
0.984964
0.98447
0.987235
0.983392
0.986869
0.985019
0.97968
0.987002
0.982057
0.981975
0.985847
0.986746
0.984126
0.986259
0.985032
0.982038
0.987591
0.988656
0.989634
