0.580887
0.789677
0.736745
0.797129
0.853439
0.892138
0.860512
0.840642
0.873141
0.820938
0.821024
0.813034
0.787116
0.842829
0.863658
0.791981
0.857749
0.826726
0.793695
0.815021
0.844224
0.859121
0.780008
0.855067
0.906259
0.867943
0.8813
0.840356
0.832433
0.863828
0.891646
0.847764
0.832513
0.84341
0.879771
0.835495
0.865098
0.85355
0.898882
0.91096
0.894278
0.905853
0.882191
0.896812
0.901415
0.890142
0.885989
0.908752
0.889526
0.878961
0.916383
0.902122
0.892098
0.846613
0.913334
0.823466
0.898781
0.878645
0.92015
0.909473
0.888534
0.923886
0.900292
0.904336
0.888505
0.89169
0.902313
0.917848
0.921775
0.871501
0.935343
0.876508
0.901496
0.916843
0.922445
0.922315
0.928847
0.921889
0.91327
0.904294
0.928308
0.925999
0.909069
0.93584
0.89856
0.934042
0.928444
0.930285
0.919657
0.928388
0.934962
0.922171
0.904378
0.921264
0.929331
0.931325
0.929473
0.892705
0.927085
0.926494
0.930764
0.938577
0.917796
0.921872
0.922842
0.91435
0.928486
0.909067
0.931759
0.937533
0.916018
0.929344
0.933615
0.921346
0.951061
0.929654
0.94071
0.931213
0.946481
0.929161
0.939084
0.933036
0.936597
0.937644
0.928622
0.930293
0.936854
0.943817
0.946199
0.935991
0.941964
0.941487
0.941775
0.931196
0.937012
0.922314
0.949866
0.945882
0.935039
0.923163
0.938545
0.943045
0.940257
0.951775
0.943193
0.950738
0.932551
0.941046
0.957181
0.945926
0.916803
0.947568
0.942871
0.948677
0.931986
0.948522
0.948076
0.942915
0.948632
0.950229
0.943689
0.937672
0.93259
0.955519
0.958194
0.948458
0.949476
0.941724
0.953318
0.955711
0.953535
0.955143
0.955613
0.959393
0.942026
0.947224
0.947942
0.945174
0.950496
0.945439
0.95567
0.955014
0.950059
0.950937
0.939285
0.947867
0.953405
0.966308
0.958328
0.960408
0.952666
0.958345
0.95262
0.957525
0.956285
0.943976
0.948978
0.962179
0.94535
0.955445
0.947063
0.942819
0.949784
0.948199
0.951887
0.949501
0.950237
0.951884
0.950918
0.951676
0.949367
0.966496
0.957441
0.949094
0.95604
0.957227
0.931947
0.944156
0.955931
0.957235
0.95076
0.95783
0.959291
0.964129
0.95685
0.958719
0.948753
0.957234
0.951917
0.953426
0.950639
0.960072
0.948089
0.955525
0.956776
0.959587
0.950017
0.958868
0.969397
0.951339
